#
# There is insufficient memory for the Java Runtime Environment to continue.
# Native memory allocation (malloc) failed to allocate 1048576 bytes. Error detail: AllocateHeap
# Possible reasons:
#   The system is out of physical RAM or swap space
#   This process is running with CompressedOops enabled, and the Java Heap may be blocking the growth of the native heap
# Possible solutions:
#   Reduce memory load on the system
#   Increase physical memory or swap space
#   Check if swap backing store is full
#   Decrease Java heap size (-Xmx/-Xms)
#   Decrease number of Java threads
#   Decrease Java thread stack sizes (-Xss)
#   Set larger code cache with -XX:ReservedCodeCacheSize=
#   JVM is running with Unscaled Compressed Oops mode in which the Java heap is
#     placed in the first 4GB address space. The Java Heap base address is the
#     maximum limit for the native heap growth. Please use -XX:HeapBaseMinAddress
#     to set the Java Heap base and to place the Java Heap above 4GB virtual address.
# This output file may be truncated or incomplete.
#
#  Out of Memory Error (allocation.cpp:44), pid=5568, tid=23892
#
# JRE version:  (21.0.6+7) (build )
# Java VM: OpenJDK 64-Bit Server VM (21.0.6+7-LTS, mixed mode, sharing, tiered, compressed oops, compressed class ptrs, parallel gc, windows-amd64)
# No core dump will be written. Minidumps are not enabled by default on client versions of Windows
#

---------------  S U M M A R Y ------------

Command Line: --add-modules=ALL-SYSTEM --add-opens=java.base/java.util=ALL-UNNAMED --add-opens=java.base/java.lang=ALL-UNNAMED --add-opens=java.base/sun.nio.fs=ALL-UNNAMED -Declipse.application=org.eclipse.jdt.ls.core.id1 -Dosgi.bundles.defaultStartLevel=4 -Declipse.product=org.eclipse.jdt.ls.core.product -Djava.import.generatesMetadataFilesAtProjectRoot=false -DDetectVMInstallationsJob.disabled=true -Dfile.encoding=utf8 -XX:+UseParallelGC -XX:GCTimeRatio=4 -XX:AdaptiveSizePolicyWeight=90 -Dsun.zip.disableMemoryMapping=true -Xmx1G -Xms100m -Xlog:disable -javaagent:c:\Users\kuber\.vscode\extensions\redhat.java-1.41.1-win32-x64\lombok\lombok-1.18.36.jar -XX:+HeapDumpOnOutOfMemoryError -XX:HeapDumpPath=c:\Users\kuber\AppData\Roaming\Code\User\workspaceStorage\76085ca7d16f62029dd35abb5c7b36f4\redhat.java -Daether.dependencyCollector.impl=bf c:\Users\kuber\.vscode\extensions\redhat.java-1.41.1-win32-x64\server\plugins\org.eclipse.equinox.launcher_1.7.0.v20250331-1702.jar -configuration c:\Users\kuber\AppData\Roaming\Code\User\globalStorage\redhat.java\1.41.1\config_win -data c:\Users\kuber\AppData\Roaming\Code\User\workspaceStorage\76085ca7d16f62029dd35abb5c7b36f4\redhat.java\jdt_ws --pipe=\\.\pipe\lsp-85114f196ccb14f129fd9c6097baf438-sock

Host: AMD Ryzen 3 5300U with Radeon Graphics         , 8 cores, 3G,  Windows 11 , 64 bit Build 22621 (10.0.22621.4391)
Time: Fri May  2 14:27:50 2025 India Standard Time elapsed time: 0.064114 seconds (0d 0h 0m 0s)

---------------  T H R E A D  ---------------

Current thread (0x0000017a3d1bbea0):  JavaThread "Unknown thread" [_thread_in_vm, id=23892, stack(0x0000007040e00000,0x0000007040f00000) (1024K)]

Stack: [0x0000007040e00000,0x0000007040f00000]
Native frames: (J=compiled Java code, j=interpreted, Vv=VM code, C=native code)
V  [jvm.dll+0x6cdee9]
V  [jvm.dll+0x8a83d1]
V  [jvm.dll+0x8aa8fe]
V  [jvm.dll+0x8aafe3]
V  [jvm.dll+0x27f706]
V  [jvm.dll+0xbfb37]
V  [jvm.dll+0x702102]
V  [jvm.dll+0x702e3c]
V  [jvm.dll+0x6dcc13]
V  [jvm.dll+0x871cdc]
V  [jvm.dll+0x3bc2dc]
V  [jvm.dll+0x85a868]
V  [jvm.dll+0x45066e]
V  [jvm.dll+0x4522b1]
C  [jli.dll+0x5278]
C  [ucrtbase.dll+0x29333]
C  [KERNEL32.DLL+0x1259d]
C  [ntdll.dll+0x5af38]


---------------  P R O C E S S  ---------------

Threads class SMR info:
_java_thread_list=0x0000017a3d225330, length=1, elements={
0x0000017a3d1bbea0
}

Java Threads: ( => current thread )
=>0x0000017a3d1bbea0 JavaThread "Unknown thread"             [_thread_in_vm, id=23892, stack(0x0000007040e00000,0x0000007040f00000) (1024K)]
Total: 1

Other Threads:
  0x0000017a5148ca00 WatcherThread "VM Periodic Task Thread"        [id=15784, stack(0x0000007041000000,0x0000007041100000) (1024K)]
  0x0000017a3d1da390 WorkerThread "GC Thread#0"                     [id=4776, stack(0x0000007040f00000,0x0000007041000000) (1024K)]
Total: 2

Threads with active compile tasks:
Total: 0

VM state: not at safepoint (normal execution)

VM Mutex/Monitor currently owned by a thread: None

Heap address: 0x00000000c0000000, size: 1024 MB, Compressed Oops mode: 32-bit

CDS archive(s) mapped at: [0x0000017a52000000-0x0000017a52ba0000-0x0000017a52ba0000), size 12189696, SharedBaseAddress: 0x0000017a52000000, ArchiveRelocationMode: 1.
Compressed class space mapped at: 0x0000017a53000000-0x0000017a93000000, reserved size: 1073741824
Narrow klass base: 0x0000017a52000000, Narrow klass shift: 0, Narrow klass range: 0x100000000

GC Precious Log:
 CardTable entry size: 512
 CPUs: 8 total, 8 available
 Memory: 3429M
 Large Page Support: Disabled
 NUMA Support: Disabled
 Compressed Oops: Enabled (32-bit)
 Alignments: Space 512K, Generation 512K, Heap 2M
 Heap Min Capacity: 100M
 Heap Initial Capacity: 100M
 Heap Max Capacity: 1G
 Pre-touch: Disabled
 Parallel Workers: 8

Heap:
 PSYoungGen      total 29696K, used 512K [0x00000000eab00000, 0x00000000ecc00000, 0x0000000100000000)
  eden space 25600K, 2% used [0x00000000eab00000,0x00000000eab80020,0x00000000ec400000)
  from space 4096K, 0% used [0x00000000ec800000,0x00000000ec800000,0x00000000ecc00000)
  to   space 4096K, 0% used [0x00000000ec400000,0x00000000ec400000,0x00000000ec800000)
 ParOldGen       total 68608K, used 0K [0x00000000c0000000, 0x00000000c4300000, 0x00000000eab00000)
  object space 68608K, 0% used [0x00000000c0000000,0x00000000c0000000,0x00000000c4300000)
 Metaspace       used 0K, committed 0K, reserved 1048576K
  class space    used 0K, committed 0K, reserved 1048576K

Card table byte_map: [0x0000017a3cb90000,0x0000017a3cda0000] _byte_map_base: 0x0000017a3c590000

Marking Bits: (ParMarkBitMap*) 0x00007ffcafda3260
 Begin Bits: [0x0000017a4f3b0000, 0x0000017a503b0000)
 End Bits:   [0x0000017a503b0000, 0x0000017a513b0000)

Polling page: 0x0000017a3c980000

Metaspace:

Usage:
  Non-class:      0 bytes used.
      Class:      0 bytes used.
       Both:      0 bytes used.

Virtual space:
  Non-class space:        0 bytes reserved,       0 bytes (  ?%) committed,  0 nodes.
      Class space:        1.00 GB reserved,       0 bytes (  0%) committed,  1 nodes.
             Both:        1.00 GB reserved,       0 bytes (  0%) committed. 

Chunk freelists:
   Non-Class:  0 bytes
       Class:  16.00 MB
        Both:  16.00 MB

MaxMetaspaceSize: unlimited
CompressedClassSpaceSize: 1.00 GB
Initial GC threshold: 21.00 MB
Current GC threshold: 17179869184.00 GB
CDS: on
 - commit_granule_bytes: 65536.
 - commit_granule_words: 8192.
 - virtual_space_node_default_size: 8388608.
 - enlarge_chunks_in_place: 1.
 - use_allocation_guard: 0.


Internal statistics:

num_allocs_failed_limit: 0.
num_arena_births: 0.
num_arena_deaths: 0.
num_vsnodes_births: 1.
num_vsnodes_deaths: 0.
num_space_committed: 0.
num_space_uncommitted: 0.
num_chunks_returned_to_freelist: 0.
num_chunks_taken_from_freelist: 1.
num_chunk_merges: 0.
num_chunk_splits: 1.
num_chunks_enlarged: 0.
num_inconsistent_stats: 0.

CodeHeap 'non-profiled nmethods': size=120000Kb used=0Kb max_used=0Kb free=120000Kb
 bounds [0x0000017a47e80000, 0x0000017a480f0000, 0x0000017a4f3b0000]
CodeHeap 'profiled nmethods': size=120000Kb used=0Kb max_used=0Kb free=120000Kb
 bounds [0x0000017a403b0000, 0x0000017a40620000, 0x0000017a478e0000]
CodeHeap 'non-nmethods': size=5760Kb used=194Kb max_used=342Kb free=5565Kb
 bounds [0x0000017a478e0000, 0x0000017a47b50000, 0x0000017a47e80000]
 total_blobs=70 nmethods=0 adapters=48
 compilation: enabled
              stopped_count=0, restarted_count=0
 full_count=0

Compilation events (0 events):
No events

GC Heap History (0 events):
No events

Dll operation events (1 events):
Event: 0.026 Loaded shared library c:\Users\kuber\.vscode\extensions\redhat.java-1.41.1-win32-x64\jre\21.0.6-win32-x86_64\bin\java.dll

Deoptimization events (0 events):
No events

Classes loaded (0 events):
No events

Classes unloaded (0 events):
No events

Classes redefined (0 events):
No events

Internal exceptions (0 events):
No events

ZGC Phase Switch (0 events):
No events

VM Operations (0 events):
No events

Memory protections (0 events):
No events

Nmethod flushes (0 events):
No events

Events (1 events):
Event: 0.048 Thread 0x0000017a3d1bbea0 Thread added: 0x0000017a3d1bbea0


Dynamic libraries:
0x00007ff6f0c50000 - 0x00007ff6f0c5e000 	c:\Users\kuber\.vscode\extensions\redhat.java-1.41.1-win32-x64\jre\21.0.6-win32-x86_64\bin\java.exe
0x00007ffd3c7f0000 - 0x00007ffd3ca07000 	C:\Windows\SYSTEM32\ntdll.dll
0x00007ffd3b540000 - 0x00007ffd3b604000 	C:\Windows\System32\KERNEL32.DLL
0x00007ffd39ab0000 - 0x00007ffd39e6a000 	C:\Windows\System32\KERNELBASE.dll
0x00007ffd3a250000 - 0x00007ffd3a361000 	C:\Windows\System32\ucrtbase.dll
0x00007ffcb7e00000 - 0x00007ffcb7e18000 	c:\Users\kuber\.vscode\extensions\redhat.java-1.41.1-win32-x64\jre\21.0.6-win32-x86_64\bin\jli.dll
0x00007ffd3b370000 - 0x00007ffd3b51e000 	C:\Windows\System32\USER32.dll
0x00007ffd3a220000 - 0x00007ffd3a246000 	C:\Windows\System32\win32u.dll
0x00007ffd3af90000 - 0x00007ffd3afb9000 	C:\Windows\System32\GDI32.dll
0x00007ffd39ef0000 - 0x00007ffd3a00b000 	C:\Windows\System32\gdi32full.dll
0x00007ffd3a010000 - 0x00007ffd3a0aa000 	C:\Windows\System32\msvcp_win.dll
0x00007ffcd2740000 - 0x00007ffcd275e000 	c:\Users\kuber\.vscode\extensions\redhat.java-1.41.1-win32-x64\jre\21.0.6-win32-x86_64\bin\VCRUNTIME140.dll
0x00007ffd26510000 - 0x00007ffd267a2000 	C:\Windows\WinSxS\amd64_microsoft.windows.common-controls_6595b64144ccf1df_6.0.22621.4541_none_2710d1c57384c085\COMCTL32.dll
0x00007ffd3c6b0000 - 0x00007ffd3c757000 	C:\Windows\System32\msvcrt.dll
0x00007ffd3b780000 - 0x00007ffd3b7b1000 	C:\Windows\System32\IMM32.DLL
0x00007ffd122f0000 - 0x00007ffd122fc000 	c:\Users\kuber\.vscode\extensions\redhat.java-1.41.1-win32-x64\jre\21.0.6-win32-x86_64\bin\vcruntime140_1.dll
0x00007ffcb5ca0000 - 0x00007ffcb5d2d000 	c:\Users\kuber\.vscode\extensions\redhat.java-1.41.1-win32-x64\jre\21.0.6-win32-x86_64\bin\msvcp140.dll
0x00007ffcaf0f0000 - 0x00007ffcafe80000 	c:\Users\kuber\.vscode\extensions\redhat.java-1.41.1-win32-x64\jre\21.0.6-win32-x86_64\bin\server\jvm.dll
0x00007ffd3a880000 - 0x00007ffd3a932000 	C:\Windows\System32\ADVAPI32.dll
0x00007ffd3a6f0000 - 0x00007ffd3a797000 	C:\Windows\System32\sechost.dll
0x00007ffd3a0b0000 - 0x00007ffd3a0d8000 	C:\Windows\System32\bcrypt.dll
0x00007ffd3a940000 - 0x00007ffd3aa54000 	C:\Windows\System32\RPCRT4.dll
0x00007ffd3b680000 - 0x00007ffd3b6f1000 	C:\Windows\System32\WS2_32.dll
0x00007ffd39980000 - 0x00007ffd399cd000 	C:\Windows\SYSTEM32\POWRPROF.dll
0x00007ffd35cd0000 - 0x00007ffd35d04000 	C:\Windows\SYSTEM32\WINMM.dll
0x00007ffd30650000 - 0x00007ffd3065a000 	C:\Windows\SYSTEM32\VERSION.dll
0x00007ffd39960000 - 0x00007ffd39973000 	C:\Windows\SYSTEM32\UMPDC.dll
0x00007ffd38ab0000 - 0x00007ffd38ac8000 	C:\Windows\SYSTEM32\kernel.appcore.dll
0x00007ffd104f0000 - 0x00007ffd104fa000 	c:\Users\kuber\.vscode\extensions\redhat.java-1.41.1-win32-x64\jre\21.0.6-win32-x86_64\bin\jimage.dll
0x00007ffd2bde0000 - 0x00007ffd2c012000 	C:\Windows\SYSTEM32\DBGHELP.DLL
0x00007ffd3afd0000 - 0x00007ffd3b361000 	C:\Windows\System32\combase.dll
0x00007ffd3a7a0000 - 0x00007ffd3a877000 	C:\Windows\System32\OLEAUT32.dll
0x00007ffd2c190000 - 0x00007ffd2c1c2000 	C:\Windows\SYSTEM32\dbgcore.DLL
0x00007ffd39e70000 - 0x00007ffd39eeb000 	C:\Windows\System32\bcryptPrimitives.dll
0x00007ffd0f8d0000 - 0x00007ffd0f8df000 	c:\Users\kuber\.vscode\extensions\redhat.java-1.41.1-win32-x64\jre\21.0.6-win32-x86_64\bin\instrument.dll
0x00007ffcb6640000 - 0x00007ffcb665f000 	c:\Users\kuber\.vscode\extensions\redhat.java-1.41.1-win32-x64\jre\21.0.6-win32-x86_64\bin\java.dll

dbghelp: loaded successfully - version: 4.0.5 - missing functions: none
symbol engine: initialized successfully - sym options: 0x614 - pdb path: .;c:\Users\kuber\.vscode\extensions\redhat.java-1.41.1-win32-x64\jre\21.0.6-win32-x86_64\bin;C:\Windows\SYSTEM32;C:\Windows\WinSxS\amd64_microsoft.windows.common-controls_6595b64144ccf1df_6.0.22621.4541_none_2710d1c57384c085;c:\Users\kuber\.vscode\extensions\redhat.java-1.41.1-win32-x64\jre\21.0.6-win32-x86_64\bin\server

VM Arguments:
jvm_args: --add-modules=ALL-SYSTEM --add-opens=java.base/java.util=ALL-UNNAMED --add-opens=java.base/java.lang=ALL-UNNAMED --add-opens=java.base/sun.nio.fs=ALL-UNNAMED -Declipse.application=org.eclipse.jdt.ls.core.id1 -Dosgi.bundles.defaultStartLevel=4 -Declipse.product=org.eclipse.jdt.ls.core.product -Djava.import.generatesMetadataFilesAtProjectRoot=false -DDetectVMInstallationsJob.disabled=true -Dfile.encoding=utf8 -XX:+UseParallelGC -XX:GCTimeRatio=4 -XX:AdaptiveSizePolicyWeight=90 -Dsun.zip.disableMemoryMapping=true -Xmx1G -Xms100m -Xlog:disable -javaagent:c:\Users\kuber\.vscode\extensions\redhat.java-1.41.1-win32-x64\lombok\lombok-1.18.36.jar -XX:+HeapDumpOnOutOfMemoryError -XX:HeapDumpPath=c:\Users\kuber\AppData\Roaming\Code\User\workspaceStorage\76085ca7d16f62029dd35abb5c7b36f4\redhat.java -Daether.dependencyCollector.impl=bf 
java_command: c:\Users\kuber\.vscode\extensions\redhat.java-1.41.1-win32-x64\server\plugins\org.eclipse.equinox.launcher_1.7.0.v20250331-1702.jar -configuration c:\Users\kuber\AppData\Roaming\Code\User\globalStorage\redhat.java\1.41.1\config_win -data c:\Users\kuber\AppData\Roaming\Code\User\workspaceStorage\76085ca7d16f62029dd35abb5c7b36f4\redhat.java\jdt_ws --pipe=\\.\pipe\lsp-85114f196ccb14f129fd9c6097baf438-sock
java_class_path (initial): c:\Users\kuber\.vscode\extensions\redhat.java-1.41.1-win32-x64\server\plugins\org.eclipse.equinox.launcher_1.7.0.v20250331-1702.jar
Launcher Type: SUN_STANDARD

[Global flags]
    uintx AdaptiveSizePolicyWeight                 = 90                                        {product} {command line}
     intx CICompilerCount                          = 4                                         {product} {ergonomic}
    uintx GCTimeRatio                              = 4                                         {product} {command line}
     bool HeapDumpOnOutOfMemoryError               = true                                   {manageable} {command line}
    ccstr HeapDumpPath                             = c:\Users\kuber\AppData\Roaming\Code\User\workspaceStorage\76085ca7d16f62029dd35abb5c7b36f4\redhat.java         {manageable} {command line}
   size_t InitialHeapSize                          = 104857600                                 {product} {command line}
   size_t MaxHeapSize                              = 1073741824                                {product} {command line}
   size_t MaxNewSize                               = 357564416                                 {product} {ergonomic}
   size_t MinHeapDeltaBytes                        = 524288                                    {product} {ergonomic}
   size_t MinHeapSize                              = 104857600                                 {product} {command line}
   size_t NewSize                                  = 34603008                                  {product} {ergonomic}
    uintx NonNMethodCodeHeapSize                   = 5839372                                {pd product} {ergonomic}
    uintx NonProfiledCodeHeapSize                  = 122909434                              {pd product} {ergonomic}
   size_t OldSize                                  = 70254592                                  {product} {ergonomic}
    uintx ProfiledCodeHeapSize                     = 122909434                              {pd product} {ergonomic}
    uintx ReservedCodeCacheSize                    = 251658240                              {pd product} {ergonomic}
     bool SegmentedCodeCache                       = true                                      {product} {ergonomic}
   size_t SoftMaxHeapSize                          = 1073741824                             {manageable} {ergonomic}
     bool UseCompressedOops                        = true                           {product lp64_product} {ergonomic}
     bool UseLargePagesIndividualAllocation        = false                                  {pd product} {ergonomic}
     bool UseParallelGC                            = true                                      {product} {command line}

Logging:
Log output configuration:
 #0: stdout all=off uptime,level,tags foldmultilines=false
 #1: stderr all=off uptime,level,tags foldmultilines=false

Environment Variables:
PATH=C:\Program Files\Common Files\Oracle\Java\javapath;C:\Windows\system32;C:\Windows;C:\Windows\System32\Wbem;C:\Windows\System32\WindowsPowerShell\v1.0\;C:\Windows\System32\OpenSSH\;C:\Program Files\dotnet\;C:\Program Files\Git\cmd;C:\Program Files\nodejs\;C:\ProgramData\chocolatey\bin;C:\Program Files\MySQL\MySQL Shell 8.0\bin\;C:\Users\kuber\AppData\Local\Microsoft\WindowsApps;C:\Users\kuber\.dotnet\tools;C:\Users\kuber\AppData\Local\Programs\Microsoft VS Code\bin;C:\Users\kuber\AppData\Roaming\npm
USERNAME=kuber
OS=Windows_NT
PROCESSOR_IDENTIFIER=AMD64 Family 23 Model 104 Stepping 1, AuthenticAMD
TMP=C:\Users\kuber\AppData\Local\Temp
TEMP=C:\Users\kuber\AppData\Local\Temp




Periodic native trim disabled

---------------  S Y S T E M  ---------------

OS:
 Windows 11 , 64 bit Build 22621 (10.0.22621.4391)
OS uptime: 11 days 23:04 hours
Hyper-V role detected

CPU: total 8 (initial active 8) (8 cores per cpu, 2 threads per core) family 23 model 104 stepping 1 microcode 0x0, cx8, cmov, fxsr, ht, mmx, 3dnowpref, sse, sse2, sse3, ssse3, sse4a, sse4.1, sse4.2, popcnt, lzcnt, tsc, tscinvbit, avx, avx2, aes, clmul, bmi1, bmi2, adx, sha, fma, vzeroupper, clflush, clflushopt, hv, rdtscp, rdpid, f16c
Processor Information for the first 8 processors :
  Max Mhz: 2600, Current Mhz: 2600, Mhz Limit: 2600

Memory: 4k page, system-wide physical 3429M (622M free)
TotalPageFile size 14181M (AvailPageFile size 5M)
current process WorkingSet (physical memory assigned to process): 24M, peak: 24M
current process commit charge ("private bytes"): 171M, peak: 172M

vm_info: OpenJDK 64-Bit Server VM (21.0.6+7-LTS) for windows-amd64 JRE (21.0.6+7-LTS), built on 2025-01-21T00:00:00Z by "admin" with MS VC++ 17.7 (VS2022)

END.
