#
# There is insufficient memory for the Java Runtime Environment to continue.
# Native memory allocation (malloc) failed to allocate 1048576 bytes for AllocateHeap
# Possible reasons:
#   The system is out of physical RAM or swap space
#   The process is running with CompressedOops enabled, and the Java Heap may be blocking the growth of the native heap
# Possible solutions:
#   Reduce memory load on the system
#   Increase physical memory or swap space
#   Check if swap backing store is full
#   Decrease Java heap size (-Xmx/-Xms)
#   Decrease number of Java threads
#   Decrease Java thread stack sizes (-Xss)
#   Set larger code cache with -XX:ReservedCodeCacheSize=
#   JVM is running with Unscaled Compressed Oops mode in which the Java heap is
#     placed in the first 4GB address space. The Java Heap base address is the
#     maximum limit for the native heap growth. Please use -XX:HeapBaseMinAddress
#     to set the Java Heap base and to place the Java Heap above 4GB virtual address.
# This output file may be truncated or incomplete.
#
#  Out of Memory Error (allocation.cpp:44), pid=17660, tid=4116
#
# JRE version:  (21.0.5+9) (build )
# Java VM: Java HotSpot(TM) 64-Bit Server VM (21.0.5+9-LTS-239, mixed mode, sharing, tiered, compressed oops, compressed class ptrs, g1 gc, windows-amd64)
# No core dump will be written. Minidumps are not enabled by default on client versions of Windows
#

---------------  S U M M A R Y ------------

Command Line: -Dnet.bytebuddy.agent.attacher.dump= net.bytebuddy.agent.Attacher com.sun.tools.attach.VirtualMachine 10856 C:\Users\kuber\.m2\repository\net\bytebuddy\byte-buddy-agent\1.15.11\byte-buddy-agent-1.15.11.jar false 

Host: AMD Ryzen 3 5300U with Radeon Graphics         , 8 cores, 3G,  Windows 11 , 64 bit Build 22621 (10.0.22621.4391)
Time: Sat Apr 26 01:09:19 2025 India Standard Time elapsed time: 0.010130 seconds (0d 0h 0m 0s)

---------------  T H R E A D  ---------------

Current thread (0x00000270038dc7f0):  JavaThread "Unknown thread" [_thread_in_vm, id=4116, stack(0x00000089f5d00000,0x00000089f5e00000) (1024K)]

Stack: [0x00000089f5d00000,0x00000089f5e00000]
Native frames: (J=compiled Java code, j=interpreted, Vv=VM code, C=native code)
V  [jvm.dll+0x6ca289]
V  [jvm.dll+0x854a51]
V  [jvm.dll+0x856f7e]
V  [jvm.dll+0x857653]
V  [jvm.dll+0x27dd26]
V  [jvm.dll+0xbf7d7]
V  [jvm.dll+0x325765]
V  [jvm.dll+0x81dddd]
V  [jvm.dll+0x3ba7c1]
V  [jvm.dll+0x807168]
V  [jvm.dll+0x44f96e]
V  [jvm.dll+0x451561]
C  [jli.dll+0x52a3]
C  [ucrtbase.dll+0x29333]
C  [KERNEL32.DLL+0x1259d]
C  [ntdll.dll+0x5af38]


---------------  P R O C E S S  ---------------

Threads class SMR info:
_java_thread_list=0x00007ffceb78ac08, length=0, elements={
}

Java Threads: ( => current thread )
Total: 0

Other Threads:

=>0x00000270038dc7f0 (exited) JavaThread "Unknown thread"    [_thread_in_vm, id=4116, stack(0x00000089f5d00000,0x00000089f5e00000) (1024K)]
Total: 1

Threads with active compile tasks:
Total: 0

VM state: not at safepoint (not fully initialized)

VM Mutex/Monitor currently owned by a thread: None

Heap address: 0x0000000000000000, size: 0 MB, Compressed Oops mode: 32-bit

CDS archive(s) mapped at: [0x0000000000000000-0x0000000000000000-0x0000000000000000), size 0, SharedBaseAddress: 0x0000000800000000, ArchiveRelocationMode: 1.
Narrow klass base: 0x0000000000000000, Narrow klass shift: 0, Narrow klass range: 0x0

GC Precious Log:
 CardTable entry size: 512
 Card Set container configuration: InlinePtr #cards 5 size 8 Array Of Cards #cards 12 size 40 Howl #buckets 4 coarsen threshold 1843 Howl Bitmap #cards 512 size 80 coarsen threshold 460 Card regions per heap region 1 cards per card region 2048

GC Heap History (0 events):
No events

Dll operation events (1 events):
Event: 0.006 Loaded shared library C:\Program Files\Java\jdk-21\bin\java.dll

Deoptimization events (0 events):
No events

Classes loaded (0 events):
No events

Classes unloaded (0 events):
No events

Classes redefined (0 events):
No events

Internal exceptions (0 events):
No events

ZGC Phase Switch (0 events):
No events

VM Operations (0 events):
No events

Events (0 events):
No events


Dynamic libraries:
0x00007ff774ad0000 - 0x00007ff774ae0000 	C:\Program Files\Java\jdk-21\bin\java.exe
0x00007ffd3c7f0000 - 0x00007ffd3ca07000 	C:\Windows\SYSTEM32\ntdll.dll
0x00007ffd3b540000 - 0x00007ffd3b604000 	C:\Windows\System32\KERNEL32.DLL
0x00007ffd39ab0000 - 0x00007ffd39e6a000 	C:\Windows\System32\KERNELBASE.dll
0x00007ffd3a250000 - 0x00007ffd3a361000 	C:\Windows\System32\ucrtbase.dll
0x00007ffd2de30000 - 0x00007ffd2de4b000 	C:\Program Files\Java\jdk-21\bin\VCRUNTIME140.dll
0x00007ffd22250000 - 0x00007ffd22269000 	C:\Program Files\Java\jdk-21\bin\jli.dll
0x00007ffd3a880000 - 0x00007ffd3a932000 	C:\Windows\System32\ADVAPI32.dll
0x00007ffd3c6b0000 - 0x00007ffd3c757000 	C:\Windows\System32\msvcrt.dll
0x00007ffd3a6f0000 - 0x00007ffd3a797000 	C:\Windows\System32\sechost.dll
0x00007ffd3a0b0000 - 0x00007ffd3a0d8000 	C:\Windows\System32\bcrypt.dll
0x00007ffd3a940000 - 0x00007ffd3aa54000 	C:\Windows\System32\RPCRT4.dll
0x00007ffd3b370000 - 0x00007ffd3b51e000 	C:\Windows\System32\USER32.dll
0x00007ffd3a220000 - 0x00007ffd3a246000 	C:\Windows\System32\win32u.dll
0x00007ffd26510000 - 0x00007ffd267a2000 	C:\Windows\WinSxS\amd64_microsoft.windows.common-controls_6595b64144ccf1df_6.0.22621.4541_none_2710d1c57384c085\COMCTL32.dll
0x00007ffd3af90000 - 0x00007ffd3afb9000 	C:\Windows\System32\GDI32.dll
0x00007ffd39ef0000 - 0x00007ffd3a00b000 	C:\Windows\System32\gdi32full.dll
0x00007ffd3a010000 - 0x00007ffd3a0aa000 	C:\Windows\System32\msvcp_win.dll
0x00007ffd30650000 - 0x00007ffd3065a000 	C:\Windows\SYSTEM32\VERSION.dll
0x00007ffd3b780000 - 0x00007ffd3b7b1000 	C:\Windows\System32\IMM32.DLL
0x00007ffd2e550000 - 0x00007ffd2e55c000 	C:\Program Files\Java\jdk-21\bin\vcruntime140_1.dll
0x00007ffce5ac0000 - 0x00007ffce5b4e000 	C:\Program Files\Java\jdk-21\bin\msvcp140.dll
0x00007ffceabc0000 - 0x00007ffceb8d8000 	C:\Program Files\Java\jdk-21\bin\server\jvm.dll
0x00007ffd3b680000 - 0x00007ffd3b6f1000 	C:\Windows\System32\WS2_32.dll
0x00007ffd39980000 - 0x00007ffd399cd000 	C:\Windows\SYSTEM32\POWRPROF.dll
0x00007ffd35cd0000 - 0x00007ffd35d04000 	C:\Windows\SYSTEM32\WINMM.dll
0x00007ffd39960000 - 0x00007ffd39973000 	C:\Windows\SYSTEM32\UMPDC.dll
0x00007ffd38ab0000 - 0x00007ffd38ac8000 	C:\Windows\SYSTEM32\kernel.appcore.dll
0x00007ffd18af0000 - 0x00007ffd18afa000 	C:\Program Files\Java\jdk-21\bin\jimage.dll
0x00007ffd2bde0000 - 0x00007ffd2c012000 	C:\Windows\SYSTEM32\DBGHELP.DLL
0x00007ffd3afd0000 - 0x00007ffd3b361000 	C:\Windows\System32\combase.dll
0x00007ffd3a7a0000 - 0x00007ffd3a877000 	C:\Windows\System32\OLEAUT32.dll
0x00007ffd2c190000 - 0x00007ffd2c1c2000 	C:\Windows\SYSTEM32\dbgcore.DLL
0x00007ffd39e70000 - 0x00007ffd39eeb000 	C:\Windows\System32\bcryptPrimitives.dll
0x00007ffd170b0000 - 0x00007ffd170cf000 	C:\Program Files\Java\jdk-21\bin\java.dll

dbghelp: loaded successfully - version: 4.0.5 - missing functions: none
symbol engine: initialized successfully - sym options: 0x614 - pdb path: .;C:\Program Files\Java\jdk-21\bin;C:\Windows\SYSTEM32;C:\Windows\WinSxS\amd64_microsoft.windows.common-controls_6595b64144ccf1df_6.0.22621.4541_none_2710d1c57384c085;C:\Program Files\Java\jdk-21\bin\server

VM Arguments:
jvm_args: -Dnet.bytebuddy.agent.attacher.dump= 
java_command: net.bytebuddy.agent.Attacher com.sun.tools.attach.VirtualMachine 10856 C:\Users\kuber\.m2\repository\net\bytebuddy\byte-buddy-agent\1.15.11\byte-buddy-agent-1.15.11.jar false 
java_class_path (initial): C:\Users\kuber\.m2\repository\net\bytebuddy\byte-buddy-agent\1.15.11\byte-buddy-agent-1.15.11.jar
Launcher Type: SUN_STANDARD

[Global flags]
     intx CICompilerCount                          = 4                                         {product} {ergonomic}
     uint ConcGCThreads                            = 2                                         {product} {ergonomic}
     uint G1ConcRefinementThreads                  = 8                                         {product} {ergonomic}
   size_t G1HeapRegionSize                         = 1048576                                   {product} {ergonomic}
    uintx GCDrainStackTargetSize                   = 64                                        {product} {ergonomic}
   size_t InitialHeapSize                          = 56623104                                  {product} {ergonomic}
   size_t MarkStackSize                            = 4194304                                   {product} {ergonomic}
   size_t MaxHeapSize                              = 899678208                                 {product} {ergonomic}
   size_t MinHeapDeltaBytes                        = 1048576                                   {product} {ergonomic}
   size_t MinHeapSize                              = 8388608                                   {product} {ergonomic}
    uintx NonNMethodCodeHeapSize                   = 5839372                                {pd product} {ergonomic}
    uintx NonProfiledCodeHeapSize                  = 122909434                              {pd product} {ergonomic}
    uintx ProfiledCodeHeapSize                     = 122909434                              {pd product} {ergonomic}
    uintx ReservedCodeCacheSize                    = 251658240                              {pd product} {ergonomic}
     bool SegmentedCodeCache                       = true                                      {product} {ergonomic}
   size_t SoftMaxHeapSize                          = 899678208                              {manageable} {ergonomic}
     bool UseCompressedOops                        = true                           {product lp64_product} {ergonomic}
     bool UseG1GC                                  = true                                      {product} {ergonomic}
     bool UseLargePagesIndividualAllocation        = false                                  {pd product} {ergonomic}

Logging:
Log output configuration:
 #0: stdout all=warning uptime,level,tags foldmultilines=false
 #1: stderr all=off uptime,level,tags foldmultilines=false

Environment Variables:
PATH=C:\Program Files\Common Files\Oracle\Java\javapath;C:\Windows\system32;C:\Windows;C:\Windows\System32\Wbem;C:\Windows\System32\WindowsPowerShell\v1.0\;C:\Windows\System32\OpenSSH\;C:\Program Files\dotnet\;C:\Program Files\Git\cmd;C:\Program Files\nodejs\;C:\ProgramData\chocolatey\bin;C:\Program Files\MySQL\MySQL Shell 8.0\bin\;C:\Users\kuber\AppData\Local\Microsoft\WindowsApps;C:\Users\kuber\.dotnet\tools;C:\Users\kuber\AppData\Local\Programs\Microsoft VS Code\bin;C:\Users\kuber\AppData\Roaming\npm
USERNAME=kuber
LANG=en_US.UTF-8
OS=Windows_NT
PROCESSOR_IDENTIFIER=AMD64 Family 23 Model 104 Stepping 1, AuthenticAMD
TMP=C:\Users\kuber\AppData\Local\Temp
TEMP=C:\Users\kuber\AppData\Local\Temp




Periodic native trim disabled

---------------  S Y S T E M  ---------------

OS:
 Windows 11 , 64 bit Build 22621 (10.0.22621.4391)
OS uptime: 5 days 9:46 hours
Hyper-V role detected

CPU: total 8 (initial active 8) (8 cores per cpu, 2 threads per core) family 23 model 104 stepping 1 microcode 0x0, cx8, cmov, fxsr, ht, mmx, 3dnowpref, sse, sse2, sse3, ssse3, sse4a, sse4.1, sse4.2, popcnt, lzcnt, tsc, tscinvbit, avx, avx2, aes, clmul, bmi1, bmi2, adx, sha, fma, vzeroupper, clflush, clflushopt, hv, rdtscp, rdpid, f16c
Processor Information for processor 0
  Max Mhz: 2600, Current Mhz: 2600, Mhz Limit: 2600
Processor Information for processor 1
  Max Mhz: 2600, Current Mhz: 2600, Mhz Limit: 2600
Processor Information for processor 2
  Max Mhz: 2600, Current Mhz: 2600, Mhz Limit: 2600
Processor Information for processor 3
  Max Mhz: 2600, Current Mhz: 2600, Mhz Limit: 2600
Processor Information for processor 4
  Max Mhz: 2600, Current Mhz: 2080, Mhz Limit: 2600
Processor Information for processor 5
  Max Mhz: 2600, Current Mhz: 2600, Mhz Limit: 2600
Processor Information for processor 6
  Max Mhz: 2600, Current Mhz: 2080, Mhz Limit: 2600
Processor Information for processor 7
  Max Mhz: 2600, Current Mhz: 2600, Mhz Limit: 2600

Memory: 4k page, system-wide physical 3429M (264M free)
TotalPageFile size 14181M (AvailPageFile size 3M)
current process WorkingSet (physical memory assigned to process): 10M, peak: 10M
current process commit charge ("private bytes"): 11M, peak: 12M

vm_info: Java HotSpot(TM) 64-Bit Server VM (21.0.5+9-LTS-239) for windows-amd64 JRE (21.0.5+9-LTS-239), built on 2024-09-30T05:17:38Z by "mach5one" with MS VC++ 17.6 (VS2022)

END.
