#
# There is insufficient memory for the Java Runtime Environment to continue.
# Native memory allocation (malloc) failed to allocate 1255936 bytes for Chunk::new
# Possible reasons:
#   The system is out of physical RAM or swap space
#   The process is running with CompressedOops enabled, and the Java Heap may be blocking the growth of the native heap
# Possible solutions:
#   Reduce memory load on the system
#   Increase physical memory or swap space
#   Check if swap backing store is full
#   Decrease Java heap size (-Xmx/-Xms)
#   Decrease number of Java threads
#   Decrease Java thread stack sizes (-Xss)
#   Set larger code cache with -XX:ReservedCodeCacheSize=
#   JVM is running with Unscaled Compressed Oops mode in which the Java heap is
#     placed in the first 4GB address space. The Java Heap base address is the
#     maximum limit for the native heap growth. Please use -XX:HeapBaseMinAddress
#     to set the Java Heap base and to place the Java Heap above 4GB virtual address.
# This output file may be truncated or incomplete.
#
#  Out of Memory Error (arena.cpp:168), pid=10856, tid=6168
#
# JRE version: Java(TM) SE Runtime Environment (21.0.5+9) (build 21.0.5+9-LTS-239)
# Java VM: Java HotSpot(TM) 64-Bit Server VM (21.0.5+9-LTS-239, mixed mode, sharing, tiered, compressed oops, compressed class ptrs, g1 gc, windows-amd64)
# No core dump will be written. Minidumps are not enabled by default on client versions of Windows
#

---------------  S U M M A R Y ------------

Command Line: C:\Users\kuber\AppData\Local\Temp\surefire3314121691370138813\surefirebooter-20250426010913876_3.jar C:\Users\kuber\AppData\Local\Temp\surefire3314121691370138813 2025-04-26T01-09-13_626-jvmRun1 surefire-20250426010913876_1tmp surefire_0-20250426010913876_2tmp

Host: AMD Ryzen 3 5300U with Radeon Graphics         , 8 cores, 3G,  Windows 11 , 64 bit Build 22621 (10.0.22621.4391)
Time: Sat Apr 26 01:09:19 2025 India Standard Time elapsed time: 5.201327 seconds (0d 0h 0m 5s)

---------------  T H R E A D  ---------------

Current thread (0x000002267c9a13f0):  JavaThread "C2 CompilerThread0" daemon [_thread_in_native, id=6168, stack(0x000000a583c00000,0x000000a583d00000) (1024K)]


Current CompileTask:
C2:   5201 4193       4       org.springframework.core.annotation.TypeMappedAnnotations::get (52 bytes)

Stack: [0x000000a583c00000,0x000000a583d00000]
Native frames: (J=compiled Java code, j=interpreted, Vv=VM code, C=native code)
V  [jvm.dll+0x6ca289]
V  [jvm.dll+0x854a51]
V  [jvm.dll+0x856f7e]
V  [jvm.dll+0x857653]
V  [jvm.dll+0x27dd26]
V  [jvm.dll+0xc4c2d]
V  [jvm.dll+0xc5163]
V  [jvm.dll+0x2f0ccd]
V  [jvm.dll+0x5f4ffa]
V  [jvm.dll+0x24f882]
V  [jvm.dll+0x24fc3f]
V  [jvm.dll+0x248754]
V  [jvm.dll+0x245de4]
V  [jvm.dll+0x1c6d0e]
V  [jvm.dll+0x2554d9]
V  [jvm.dll+0x253a6a]
V  [jvm.dll+0x3ee136]
V  [jvm.dll+0x7fee9b]
V  [jvm.dll+0x6c896d]
C  [ucrtbase.dll+0x29333]
C  [KERNEL32.DLL+0x1259d]
C  [ntdll.dll+0x5af38]


---------------  P R O C E S S  ---------------

Threads class SMR info:
_java_thread_list=0x000002267e4f5c00, length=13, elements={
0x000002265f5dd0a0, 0x000002267c996be0, 0x000002267c997af0, 0x000002267c999d70,
0x000002267c99af80, 0x000002267c99dae0, 0x000002267c9a0670, 0x000002267c9a13f0,
0x000002267c9b6250, 0x000002267cc6c570, 0x000002267cc6f9c0, 0x000002267cf9c3f0,
0x000002267d219de0
}

Java Threads: ( => current thread )
  0x000002265f5dd0a0 JavaThread "main"                              [_thread_in_native, id=4476, stack(0x000000a582e00000,0x000000a582f00000) (1024K)]
  0x000002267c996be0 JavaThread "Reference Handler"          daemon [_thread_blocked, id=22192, stack(0x000000a583600000,0x000000a583700000) (1024K)]
  0x000002267c997af0 JavaThread "Finalizer"                  daemon [_thread_blocked, id=17640, stack(0x000000a583700000,0x000000a583800000) (1024K)]
  0x000002267c999d70 JavaThread "Signal Dispatcher"          daemon [_thread_blocked, id=5636, stack(0x000000a583800000,0x000000a583900000) (1024K)]
  0x000002267c99af80 JavaThread "Attach Listener"            daemon [_thread_blocked, id=1164, stack(0x000000a583900000,0x000000a583a00000) (1024K)]
  0x000002267c99dae0 JavaThread "Service Thread"             daemon [_thread_blocked, id=23720, stack(0x000000a583a00000,0x000000a583b00000) (1024K)]
  0x000002267c9a0670 JavaThread "Monitor Deflation Thread"   daemon [_thread_blocked, id=15140, stack(0x000000a583b00000,0x000000a583c00000) (1024K)]
=>0x000002267c9a13f0 JavaThread "C2 CompilerThread0"         daemon [_thread_in_native, id=6168, stack(0x000000a583c00000,0x000000a583d00000) (1024K)]
  0x000002267c9b6250 JavaThread "C1 CompilerThread0"         daemon [_thread_blocked, id=11536, stack(0x000000a583d00000,0x000000a583e00000) (1024K)]
  0x000002267cc6c570 JavaThread "Notification Thread"        daemon [_thread_blocked, id=2956, stack(0x000000a583e00000,0x000000a583f00000) (1024K)]
  0x000002267cc6f9c0 JavaThread "Common-Cleaner"             daemon [_thread_blocked, id=11856, stack(0x000000a583f00000,0x000000a584000000) (1024K)]
  0x000002267cf9c3f0 JavaThread "surefire-forkedjvm-stream-flusher" daemon [_thread_blocked, id=13336, stack(0x000000a584000000,0x000000a584100000) (1024K)]
  0x000002267d219de0 JavaThread "surefire-forkedjvm-command-thread" daemon [_thread_in_native, id=19704, stack(0x000000a584100000,0x000000a584200000) (1024K)]
Total: 13

Other Threads:
  0x000002265f8ae040 VMThread "VM Thread"                           [id=15456, stack(0x000000a583500000,0x000000a583600000) (1024K)]
  0x000002267c97b0d0 WatcherThread "VM Periodic Task Thread"        [id=10492, stack(0x000000a583400000,0x000000a583500000) (1024K)]
  0x000002265f818b10 WorkerThread "GC Thread#0"                     [id=22740, stack(0x000000a582f00000,0x000000a583000000) (1024K)]
  0x000002267d7cc920 WorkerThread "GC Thread#1"                     [id=15480, stack(0x000000a584200000,0x000000a584300000) (1024K)]
  0x000002267d787c10 WorkerThread "GC Thread#2"                     [id=14152, stack(0x000000a584300000,0x000000a584400000) (1024K)]
  0x000002267d807830 WorkerThread "GC Thread#3"                     [id=17292, stack(0x000000a584400000,0x000000a584500000) (1024K)]
  0x000002267d807bd0 WorkerThread "GC Thread#4"                     [id=12928, stack(0x000000a584500000,0x000000a584600000) (1024K)]
  0x000002267d7358f0 WorkerThread "GC Thread#5"                     [id=19796, stack(0x000000a584600000,0x000000a584700000) (1024K)]
  0x000002267d736f60 WorkerThread "GC Thread#6"                     [id=2848, stack(0x000000a584700000,0x000000a584800000) (1024K)]
  0x000002267d7360e0 WorkerThread "GC Thread#7"                     [id=6572, stack(0x000000a584800000,0x000000a584900000) (1024K)]
  0x000002265f820e40 ConcurrentGCThread "G1 Main Marker"            [id=15912, stack(0x000000a583000000,0x000000a583100000) (1024K)]
  0x000002265f821af0 WorkerThread "G1 Conc#0"                       [id=15764, stack(0x000000a583100000,0x000000a583200000) (1024K)]
  0x000002267d736480 WorkerThread "G1 Conc#1"                       [id=10684, stack(0x000000a584b00000,0x000000a584c00000) (1024K)]
  0x000002265f88b440 ConcurrentGCThread "G1 Refine#0"               [id=20380, stack(0x000000a583200000,0x000000a583300000) (1024K)]
  0x000002265f88bfb0 ConcurrentGCThread "G1 Service"                [id=19524, stack(0x000000a583300000,0x000000a583400000) (1024K)]
Total: 15

Threads with active compile tasks:
C2 CompilerThread0     5222 4193       4       org.springframework.core.annotation.TypeMappedAnnotations::get (52 bytes)
Total: 1

VM state: not at safepoint (normal execution)

VM Mutex/Monitor currently owned by a thread: None

Heap address: 0x00000000ca600000, size: 858 MB, Compressed Oops mode: 32-bit

CDS archive(s) mapped at: [0x0000022600000000-0x0000022600c90000-0x0000022600c90000), size 13172736, SharedBaseAddress: 0x0000022600000000, ArchiveRelocationMode: 1.
Compressed class space mapped at: 0x0000022601000000-0x0000022641000000, reserved size: 1073741824
Narrow klass base: 0x0000022600000000, Narrow klass shift: 0, Narrow klass range: 0x100000000

GC Precious Log:
 CardTable entry size: 512
 Card Set container configuration: InlinePtr #cards 5 size 8 Array Of Cards #cards 12 size 40 Howl #buckets 4 coarsen threshold 1843 Howl Bitmap #cards 512 size 80 coarsen threshold 460 Card regions per heap region 1 cards per card region 2048
 CPUs: 8 total, 8 available
 Memory: 3429M
 Large Page Support: Disabled
 NUMA Support: Disabled
 Compressed Oops: Enabled (32-bit)
 Heap Region Size: 1M
 Heap Min Capacity: 8M
 Heap Initial Capacity: 54M
 Heap Max Capacity: 858M
 Pre-touch: Disabled
 Parallel Workers: 8
 Concurrent Workers: 2
 Concurrent Refinement Workers: 8
 Periodic GC: Disabled

Heap:
 garbage-first heap   total 61440K, used 35436K [0x00000000ca600000, 0x0000000100000000)
  region size 1024K, 20 young (20480K), 4 survivors (4096K)
 Metaspace       used 35082K, committed 35648K, reserved 1114112K
  class space    used 4591K, committed 4864K, reserved 1048576K

Heap Regions: E=young(eden), S=young(survivor), O=old, HS=humongous(starts), HC=humongous(continues), CS=collection set, F=free, TAMS=top-at-mark-start, PB=parsable bottom
|   0|0x00000000ca600000, 0x00000000ca700000, 0x00000000ca700000|100%|HS|  |TAMS 0x00000000ca600000| PB 0x00000000ca600000| Complete 
|   1|0x00000000ca700000, 0x00000000ca800000, 0x00000000ca800000|100%| O|  |TAMS 0x00000000ca700000| PB 0x00000000ca700000| Untracked 
|   2|0x00000000ca800000, 0x00000000ca900000, 0x00000000ca900000|100%| O|  |TAMS 0x00000000ca800000| PB 0x00000000ca800000| Untracked 
|   3|0x00000000ca900000, 0x00000000caa00000, 0x00000000caa00000|100%| O|  |TAMS 0x00000000ca900000| PB 0x00000000ca900000| Untracked 
|   4|0x00000000caa00000, 0x00000000cab00000, 0x00000000cab00000|100%| O|  |TAMS 0x00000000caa00000| PB 0x00000000caa00000| Untracked 
|   5|0x00000000cab00000, 0x00000000cac00000, 0x00000000cac00000|100%| O|  |TAMS 0x00000000cab00000| PB 0x00000000cab00000| Untracked 
|   6|0x00000000cac00000, 0x00000000cad00000, 0x00000000cad00000|100%| O|  |TAMS 0x00000000cac00000| PB 0x00000000cac00000| Untracked 
|   7|0x00000000cad00000, 0x00000000cae00000, 0x00000000cae00000|100%| O|  |TAMS 0x00000000cad00000| PB 0x00000000cad00000| Untracked 
|   8|0x00000000cae00000, 0x00000000caf00000, 0x00000000caf00000|100%| O|  |TAMS 0x00000000cae00000| PB 0x00000000cae00000| Untracked 
|   9|0x00000000caf00000, 0x00000000caf9b010, 0x00000000cb000000| 60%| O|  |TAMS 0x00000000caf00000| PB 0x00000000caf00000| Untracked 
|  10|0x00000000cb000000, 0x00000000cb100000, 0x00000000cb100000|100%| O|  |TAMS 0x00000000cb000000| PB 0x00000000cb000000| Untracked 
|  11|0x00000000cb100000, 0x00000000cb200000, 0x00000000cb200000|100%| O|  |TAMS 0x00000000cb100000| PB 0x00000000cb100000| Untracked 
|  12|0x00000000cb200000, 0x00000000cb300000, 0x00000000cb300000|100%| O|  |TAMS 0x00000000cb200000| PB 0x00000000cb200000| Untracked 
|  13|0x00000000cb300000, 0x00000000cb400000, 0x00000000cb400000|100%| O|  |TAMS 0x00000000cb300000| PB 0x00000000cb300000| Untracked 
|  14|0x00000000cb400000, 0x00000000cb500000, 0x00000000cb500000|100%| O|  |TAMS 0x00000000cb400000| PB 0x00000000cb400000| Untracked 
|  15|0x00000000cb500000, 0x00000000cb600000, 0x00000000cb600000|100%| O|  |TAMS 0x00000000cb500000| PB 0x00000000cb500000| Untracked 
|  16|0x00000000cb600000, 0x00000000cb600000, 0x00000000cb700000|  0%| F|  |TAMS 0x00000000cb600000| PB 0x00000000cb600000| Untracked 
|  17|0x00000000cb700000, 0x00000000cb700000, 0x00000000cb800000|  0%| F|  |TAMS 0x00000000cb700000| PB 0x00000000cb700000| Untracked 
|  18|0x00000000cb800000, 0x00000000cb800000, 0x00000000cb900000|  0%| F|  |TAMS 0x00000000cb800000| PB 0x00000000cb800000| Untracked 
|  19|0x00000000cb900000, 0x00000000cb900000, 0x00000000cba00000|  0%| F|  |TAMS 0x00000000cb900000| PB 0x00000000cb900000| Untracked 
|  20|0x00000000cba00000, 0x00000000cba00000, 0x00000000cbb00000|  0%| F|  |TAMS 0x00000000cba00000| PB 0x00000000cba00000| Untracked 
|  21|0x00000000cbb00000, 0x00000000cbb00000, 0x00000000cbc00000|  0%| F|  |TAMS 0x00000000cbb00000| PB 0x00000000cbb00000| Untracked 
|  22|0x00000000cbc00000, 0x00000000cbc00000, 0x00000000cbd00000|  0%| F|  |TAMS 0x00000000cbc00000| PB 0x00000000cbc00000| Untracked 
|  23|0x00000000cbd00000, 0x00000000cbd00000, 0x00000000cbe00000|  0%| F|  |TAMS 0x00000000cbd00000| PB 0x00000000cbd00000| Untracked 
|  24|0x00000000cbe00000, 0x00000000cbe00000, 0x00000000cbf00000|  0%| F|  |TAMS 0x00000000cbe00000| PB 0x00000000cbe00000| Untracked 
|  25|0x00000000cbf00000, 0x00000000cbf00000, 0x00000000cc000000|  0%| F|  |TAMS 0x00000000cbf00000| PB 0x00000000cbf00000| Untracked 
|  26|0x00000000cc000000, 0x00000000cc000000, 0x00000000cc100000|  0%| F|  |TAMS 0x00000000cc000000| PB 0x00000000cc000000| Untracked 
|  27|0x00000000cc100000, 0x00000000cc200000, 0x00000000cc200000|100%| S|CS|TAMS 0x00000000cc100000| PB 0x00000000cc100000| Complete 
|  28|0x00000000cc200000, 0x00000000cc300000, 0x00000000cc300000|100%| S|CS|TAMS 0x00000000cc200000| PB 0x00000000cc200000| Complete 
|  29|0x00000000cc300000, 0x00000000cc400000, 0x00000000cc400000|100%| S|CS|TAMS 0x00000000cc300000| PB 0x00000000cc300000| Complete 
|  30|0x00000000cc400000, 0x00000000cc500000, 0x00000000cc500000|100%| S|CS|TAMS 0x00000000cc400000| PB 0x00000000cc400000| Complete 
|  31|0x00000000cc500000, 0x00000000cc500000, 0x00000000cc600000|  0%| F|  |TAMS 0x00000000cc500000| PB 0x00000000cc500000| Untracked 
|  32|0x00000000cc600000, 0x00000000cc600000, 0x00000000cc700000|  0%| F|  |TAMS 0x00000000cc600000| PB 0x00000000cc600000| Untracked 
|  33|0x00000000cc700000, 0x00000000cc700000, 0x00000000cc800000|  0%| F|  |TAMS 0x00000000cc700000| PB 0x00000000cc700000| Untracked 
|  34|0x00000000cc800000, 0x00000000cc800000, 0x00000000cc900000|  0%| F|  |TAMS 0x00000000cc800000| PB 0x00000000cc800000| Untracked 
|  35|0x00000000cc900000, 0x00000000cc900000, 0x00000000cca00000|  0%| F|  |TAMS 0x00000000cc900000| PB 0x00000000cc900000| Untracked 
|  36|0x00000000cca00000, 0x00000000cca00000, 0x00000000ccb00000|  0%| F|  |TAMS 0x00000000cca00000| PB 0x00000000cca00000| Untracked 
|  37|0x00000000ccb00000, 0x00000000ccb00000, 0x00000000ccc00000|  0%| F|  |TAMS 0x00000000ccb00000| PB 0x00000000ccb00000| Untracked 
|  38|0x00000000ccc00000, 0x00000000ccc00000, 0x00000000ccd00000|  0%| F|  |TAMS 0x00000000ccc00000| PB 0x00000000ccc00000| Untracked 
|  39|0x00000000ccd00000, 0x00000000ccd00000, 0x00000000cce00000|  0%| F|  |TAMS 0x00000000ccd00000| PB 0x00000000ccd00000| Untracked 
|  40|0x00000000cce00000, 0x00000000cce00000, 0x00000000ccf00000|  0%| F|  |TAMS 0x00000000cce00000| PB 0x00000000cce00000| Untracked 
|  41|0x00000000ccf00000, 0x00000000ccf00000, 0x00000000cd000000|  0%| F|  |TAMS 0x00000000ccf00000| PB 0x00000000ccf00000| Untracked 
|  42|0x00000000cd000000, 0x00000000cd000000, 0x00000000cd100000|  0%| F|  |TAMS 0x00000000cd000000| PB 0x00000000cd000000| Untracked 
|  43|0x00000000cd100000, 0x00000000cd100000, 0x00000000cd200000|  0%| F|  |TAMS 0x00000000cd100000| PB 0x00000000cd100000| Untracked 
|  44|0x00000000cd200000, 0x00000000cd300000, 0x00000000cd300000|100%| E|  |TAMS 0x00000000cd200000| PB 0x00000000cd200000| Complete 
|  45|0x00000000cd300000, 0x00000000cd400000, 0x00000000cd400000|100%| E|CS|TAMS 0x00000000cd300000| PB 0x00000000cd300000| Complete 
|  46|0x00000000cd400000, 0x00000000cd500000, 0x00000000cd500000|100%| E|CS|TAMS 0x00000000cd400000| PB 0x00000000cd400000| Complete 
|  47|0x00000000cd500000, 0x00000000cd600000, 0x00000000cd600000|100%| E|CS|TAMS 0x00000000cd500000| PB 0x00000000cd500000| Complete 
|  48|0x00000000cd600000, 0x00000000cd700000, 0x00000000cd700000|100%| E|CS|TAMS 0x00000000cd600000| PB 0x00000000cd600000| Complete 
|  49|0x00000000cd700000, 0x00000000cd800000, 0x00000000cd800000|100%| E|CS|TAMS 0x00000000cd700000| PB 0x00000000cd700000| Complete 
|  50|0x00000000cd800000, 0x00000000cd900000, 0x00000000cd900000|100%| E|CS|TAMS 0x00000000cd800000| PB 0x00000000cd800000| Complete 
|  51|0x00000000cd900000, 0x00000000cda00000, 0x00000000cda00000|100%| E|CS|TAMS 0x00000000cd900000| PB 0x00000000cd900000| Complete 
|  52|0x00000000cda00000, 0x00000000cdb00000, 0x00000000cdb00000|100%| E|CS|TAMS 0x00000000cda00000| PB 0x00000000cda00000| Complete 
|  53|0x00000000cdb00000, 0x00000000cdc00000, 0x00000000cdc00000|100%| E|CS|TAMS 0x00000000cdb00000| PB 0x00000000cdb00000| Complete 
|  54|0x00000000cdc00000, 0x00000000cdd00000, 0x00000000cdd00000|100%| E|CS|TAMS 0x00000000cdc00000| PB 0x00000000cdc00000| Complete 
|  55|0x00000000cdd00000, 0x00000000cde00000, 0x00000000cde00000|100%| E|CS|TAMS 0x00000000cdd00000| PB 0x00000000cdd00000| Complete 
|  56|0x00000000cde00000, 0x00000000cdf00000, 0x00000000cdf00000|100%| E|CS|TAMS 0x00000000cde00000| PB 0x00000000cde00000| Complete 
|  57|0x00000000cdf00000, 0x00000000ce000000, 0x00000000ce000000|100%| E|CS|TAMS 0x00000000cdf00000| PB 0x00000000cdf00000| Complete 
|  58|0x00000000ce000000, 0x00000000ce100000, 0x00000000ce100000|100%| E|CS|TAMS 0x00000000ce000000| PB 0x00000000ce000000| Complete 
|  59|0x00000000ce100000, 0x00000000ce200000, 0x00000000ce200000|100%| E|CS|TAMS 0x00000000ce100000| PB 0x00000000ce100000| Complete 

Card table byte_map: [0x0000022679070000,0x0000022679220000] _byte_map_base: 0x0000022678a1d000

Marking Bits: (CMBitMap*) 0x000002265f819a20
 Bits: [0x0000022679220000, 0x0000022679f88000)

Polling page: 0x000002265f8b0000

Metaspace:

Usage:
  Non-class:     29.78 MB used.
      Class:      4.48 MB used.
       Both:     34.26 MB used.

Virtual space:
  Non-class space:       64.00 MB reserved,      30.06 MB ( 47%) committed,  1 nodes.
      Class space:        1.00 GB reserved,       4.75 MB ( <1%) committed,  1 nodes.
             Both:        1.06 GB reserved,      34.81 MB (  3%) committed. 

Chunk freelists:
   Non-Class:  1.95 MB
       Class:  11.15 MB
        Both:  13.11 MB

MaxMetaspaceSize: unlimited
CompressedClassSpaceSize: 1.00 GB
Initial GC threshold: 21.00 MB
Current GC threshold: 35.31 MB
CDS: on
 - commit_granule_bytes: 65536.
 - commit_granule_words: 8192.
 - virtual_space_node_default_size: 8388608.
 - enlarge_chunks_in_place: 1.
 - use_allocation_guard: 0.


Internal statistics:

num_allocs_failed_limit: 3.
num_arena_births: 756.
num_arena_deaths: 0.
num_vsnodes_births: 2.
num_vsnodes_deaths: 0.
num_space_committed: 557.
num_space_uncommitted: 0.
num_chunks_returned_to_freelist: 3.
num_chunks_taken_from_freelist: 2144.
num_chunk_merges: 3.
num_chunk_splits: 1353.
num_chunks_enlarged: 912.
num_inconsistent_stats: 0.

CodeHeap 'non-profiled nmethods': size=120000Kb used=1915Kb max_used=1915Kb free=118084Kb
 bounds [0x0000022670f20000, 0x0000022671190000, 0x0000022678450000]
CodeHeap 'profiled nmethods': size=120000Kb used=9219Kb max_used=9219Kb free=110780Kb
 bounds [0x0000022669450000, 0x0000022669d60000, 0x0000022670980000]
CodeHeap 'non-nmethods': size=5760Kb used=1495Kb max_used=1529Kb free=4264Kb
 bounds [0x0000022670980000, 0x0000022670bf0000, 0x0000022670f20000]
 total_blobs=5080 nmethods=4509 adapters=474
 compilation: enabled
              stopped_count=0, restarted_count=0
 full_count=0

Compilation events (20 events):
Event: 5.121 Thread 0x000002267c9b6250 4518       3       java.util.jar.JarFile::getJarEntry (9 bytes)
Event: 5.121 Thread 0x000002267c9b6250 nmethod 4518 0x0000022669d4d190 code [0x0000022669d4d340, 0x0000022669d4d5f8]
Event: 5.121 Thread 0x000002267c9b6250 4519       3       java.util.jar.JarFile::getEntry (35 bytes)
Event: 5.121 Thread 0x000002267c9b6250 nmethod 4519 0x0000022669d4d690 code [0x0000022669d4d880, 0x0000022669d4dd20]
Event: 5.123 Thread 0x000002267c9b6250 4520       1       java.util.ImmutableCollections$List12::isEmpty (2 bytes)
Event: 5.123 Thread 0x000002267c9b6250 nmethod 4520 0x00000226710fe590 code [0x00000226710fe720, 0x00000226710fe7e8]
Event: 5.124 Thread 0x000002267c9b6250 4521       3       jdk.internal.loader.URLClassPath::getResource (74 bytes)
Event: 5.125 Thread 0x000002267c9b6250 nmethod 4521 0x0000022669d4de90 code [0x0000022669d4e060, 0x0000022669d4e3b8]
Event: 5.131 Thread 0x000002267c9b6250 4523       3       java.util.concurrent.ConcurrentHashMap::get (162 bytes)
Event: 5.132 Thread 0x000002267c9b6250 nmethod 4523 0x0000022669d4e510 code [0x0000022669d4e760, 0x0000022669d4f200]
Event: 5.132 Thread 0x000002267c9b6250 4524       2       java.lang.invoke.MethodHandles$Lookup::getDirectMethod (18 bytes)
Event: 5.132 Thread 0x000002267c9b6250 nmethod 4524 0x0000022669d4f510 code [0x0000022669d4f6a0, 0x0000022669d4f7d0]
Event: 5.132 Thread 0x000002267c9b6250 4526       2       java.lang.invoke.MethodType::invokers (27 bytes)
Event: 5.132 Thread 0x000002267c9b6250 nmethod 4526 0x0000022669d4f890 code [0x0000022669d4fa40, 0x0000022669d4fd90]
Event: 5.133 Thread 0x000002267c9b6250 4527       2       java.lang.invoke.MethodHandle::viewAsType (33 bytes)
Event: 5.133 Thread 0x000002267c9b6250 nmethod 4527 0x0000022669d4fe90 code [0x0000022669d50040, 0x0000022669d50178]
Event: 5.133 Thread 0x000002267c9b6250 4528       2       java.lang.invoke.InvokerBytecodeGenerator::methodPrologue (29 bytes)
Event: 5.133 Thread 0x000002267c9b6250 nmethod 4528 0x0000022669d50210 code [0x0000022669d503c0, 0x0000022669d50630]
Event: 5.133 Thread 0x000002267c9b6250 4529       2       java.lang.invoke.InvokerBytecodeGenerator::emitReturn (107 bytes)
Event: 5.134 Thread 0x000002267c9b6250 nmethod 4529 0x0000022669d50790 code [0x0000022669d50980, 0x0000022669d50c40]

GC Heap History (14 events):
Event: 0.896 GC heap before
{Heap before GC invocations=0 (full 0):
 garbage-first heap   total 55296K, used 23552K [0x00000000ca600000, 0x0000000100000000)
  region size 1024K, 23 young (23552K), 0 survivors (0K)
 Metaspace       used 5669K, committed 5824K, reserved 1114112K
  class space    used 645K, committed 704K, reserved 1048576K
}
Event: 0.905 GC heap after
{Heap after GC invocations=1 (full 0):
 garbage-first heap   total 55296K, used 7424K [0x00000000ca600000, 0x0000000100000000)
  region size 1024K, 3 young (3072K), 3 survivors (3072K)
 Metaspace       used 5669K, committed 5824K, reserved 1114112K
  class space    used 645K, committed 704K, reserved 1048576K
}
Event: 1.724 GC heap before
{Heap before GC invocations=1 (full 0):
 garbage-first heap   total 55296K, used 29952K [0x00000000ca600000, 0x0000000100000000)
  region size 1024K, 25 young (25600K), 3 survivors (3072K)
 Metaspace       used 11627K, committed 11840K, reserved 1114112K
  class space    used 1439K, committed 1536K, reserved 1048576K
}
Event: 1.733 GC heap after
{Heap after GC invocations=2 (full 0):
 garbage-first heap   total 55296K, used 9551K [0x00000000ca600000, 0x0000000100000000)
  region size 1024K, 2 young (2048K), 2 survivors (2048K)
 Metaspace       used 11627K, committed 11840K, reserved 1114112K
  class space    used 1439K, committed 1536K, reserved 1048576K
}
Event: 2.207 GC heap before
{Heap before GC invocations=2 (full 0):
 garbage-first heap   total 55296K, used 32079K [0x00000000ca600000, 0x0000000100000000)
  region size 1024K, 25 young (25600K), 2 survivors (2048K)
 Metaspace       used 17379K, committed 17728K, reserved 1114112K
  class space    used 2202K, committed 2368K, reserved 1048576K
}
Event: 2.212 GC heap after
{Heap after GC invocations=3 (full 0):
 garbage-first heap   total 55296K, used 10972K [0x00000000ca600000, 0x0000000100000000)
  region size 1024K, 4 young (4096K), 4 survivors (4096K)
 Metaspace       used 17379K, committed 17728K, reserved 1114112K
  class space    used 2202K, committed 2368K, reserved 1048576K
}
Event: 2.411 GC heap before
{Heap before GC invocations=3 (full 0):
 garbage-first heap   total 55296K, used 26332K [0x00000000ca600000, 0x0000000100000000)
  region size 1024K, 21 young (21504K), 4 survivors (4096K)
 Metaspace       used 21187K, committed 21504K, reserved 1114112K
  class space    used 2699K, committed 2816K, reserved 1048576K
}
Event: 2.415 GC heap after
{Heap after GC invocations=4 (full 0):
 garbage-first heap   total 55296K, used 12309K [0x00000000ca600000, 0x0000000100000000)
  region size 1024K, 3 young (3072K), 3 survivors (3072K)
 Metaspace       used 21187K, committed 21504K, reserved 1114112K
  class space    used 2699K, committed 2816K, reserved 1048576K
}
Event: 3.072 GC heap before
{Heap before GC invocations=5 (full 0):
 garbage-first heap   total 51200K, used 38933K [0x00000000ca600000, 0x0000000100000000)
  region size 1024K, 30 young (30720K), 3 survivors (3072K)
 Metaspace       used 23960K, committed 24320K, reserved 1114112K
  class space    used 3026K, committed 3200K, reserved 1048576K
}
Event: 3.080 GC heap after
{Heap after GC invocations=6 (full 0):
 garbage-first heap   total 51200K, used 14916K [0x00000000ca600000, 0x0000000100000000)
  region size 1024K, 4 young (4096K), 4 survivors (4096K)
 Metaspace       used 23960K, committed 24320K, reserved 1114112K
  class space    used 3026K, committed 3200K, reserved 1048576K
}
Event: 3.897 GC heap before
{Heap before GC invocations=6 (full 0):
 garbage-first heap   total 51200K, used 39492K [0x00000000ca600000, 0x0000000100000000)
  region size 1024K, 28 young (28672K), 4 survivors (4096K)
 Metaspace       used 27053K, committed 27456K, reserved 1114112K
  class space    used 3466K, committed 3648K, reserved 1048576K
}
Event: 3.905 GC heap after
{Heap after GC invocations=7 (full 0):
 garbage-first heap   total 61440K, used 16970K [0x00000000ca600000, 0x0000000100000000)
  region size 1024K, 3 young (3072K), 3 survivors (3072K)
 Metaspace       used 27053K, committed 27456K, reserved 1114112K
  class space    used 3466K, committed 3648K, reserved 1048576K
}
Event: 4.697 GC heap before
{Heap before GC invocations=7 (full 0):
 garbage-first heap   total 61440K, used 45642K [0x00000000ca600000, 0x0000000100000000)
  region size 1024K, 32 young (32768K), 3 survivors (3072K)
 Metaspace       used 31334K, committed 31808K, reserved 1114112K
  class space    used 4077K, committed 4288K, reserved 1048576K
}
Event: 4.707 GC heap after
{Heap after GC invocations=8 (full 0):
 garbage-first heap   total 61440K, used 20076K [0x00000000ca600000, 0x0000000100000000)
  region size 1024K, 4 young (4096K), 4 survivors (4096K)
 Metaspace       used 31334K, committed 31808K, reserved 1114112K
  class space    used 4077K, committed 4288K, reserved 1048576K
}

Dll operation events (9 events):
Event: 0.009 Loaded shared library C:\Program Files\Java\jdk-21\bin\java.dll
Event: 0.045 Loaded shared library C:\Program Files\Java\jdk-21\bin\jsvml.dll
Event: 0.063 Loaded shared library C:\Program Files\Java\jdk-21\bin\net.dll
Event: 0.065 Loaded shared library C:\Program Files\Java\jdk-21\bin\nio.dll
Event: 0.069 Loaded shared library C:\Program Files\Java\jdk-21\bin\zip.dll
Event: 0.121 Loaded shared library C:\Program Files\Java\jdk-21\bin\management.dll
Event: 0.129 Loaded shared library C:\Program Files\Java\jdk-21\bin\management_ext.dll
Event: 0.154 Loaded shared library C:\Program Files\Java\jdk-21\bin\jimage.dll
Event: 2.510 Loaded shared library C:\Program Files\Java\jdk-21\bin\sunmscapi.dll

Deoptimization events (20 events):
Event: 5.120 Thread 0x000002265f5dd0a0 Uncommon trap: trap_request=0xffffff45 fr.pc=0x0000022670f62b48 relative=0x00000000000000e8
Event: 5.120 Thread 0x000002265f5dd0a0 Uncommon trap: reason=unstable_if action=reinterpret pc=0x0000022670f62b48 method=java.util.jar.JarFile.getEntry(Ljava/lang/String;)Ljava/util/zip/ZipEntry; @ 15 c2
Event: 5.120 Thread 0x000002265f5dd0a0 DEOPT PACKING pc=0x0000022670f62b48 sp=0x000000a582ef8870
Event: 5.120 Thread 0x000002265f5dd0a0 DEOPT UNPACKING pc=0x00000226709d46a2 sp=0x000000a582ef8808 mode 2
Event: 5.125 Thread 0x000002265f5dd0a0 Uncommon trap: trap_request=0xffffff45 fr.pc=0x0000022670fa18d8 relative=0x0000000000001d98
Event: 5.125 Thread 0x000002265f5dd0a0 Uncommon trap: reason=unstable_if action=reinterpret pc=0x0000022670fa18d8 method=java.util.jar.JarFile.getEntry(Ljava/lang/String;)Ljava/util/zip/ZipEntry; @ 15 c2
Event: 5.125 Thread 0x000002265f5dd0a0 DEOPT PACKING pc=0x0000022670fa18d8 sp=0x000000a582ef5de0
Event: 5.125 Thread 0x000002265f5dd0a0 DEOPT UNPACKING pc=0x00000226709d46a2 sp=0x000000a582ef5cb0 mode 2
Event: 5.126 Thread 0x000002265f5dd0a0 Uncommon trap: trap_request=0xffffff45 fr.pc=0x0000022670fb2860 relative=0x00000000000002a0
Event: 5.126 Thread 0x000002265f5dd0a0 Uncommon trap: reason=unstable_if action=reinterpret pc=0x0000022670fb2860 method=java.util.concurrent.ConcurrentHashMap.get(Ljava/lang/Object;)Ljava/lang/Object; @ 76 c2
Event: 5.126 Thread 0x000002265f5dd0a0 DEOPT PACKING pc=0x0000022670fb2860 sp=0x000000a582ef8b40
Event: 5.126 Thread 0x000002265f5dd0a0 DEOPT UNPACKING pc=0x00000226709d46a2 sp=0x000000a582ef8ab8 mode 2
Event: 5.138 Thread 0x000002265f5dd0a0 Uncommon trap: trap_request=0xffffffde fr.pc=0x0000022671070194 relative=0x0000000000001a74
Event: 5.138 Thread 0x000002265f5dd0a0 Uncommon trap: reason=class_check action=maybe_recompile pc=0x0000022671070194 method=java.util.zip.InflaterInputStream.read([BII)I @ 78 c2
Event: 5.138 Thread 0x000002265f5dd0a0 DEOPT PACKING pc=0x0000022671070194 sp=0x000000a582ef9cf0
Event: 5.138 Thread 0x000002265f5dd0a0 DEOPT UNPACKING pc=0x00000226709d46a2 sp=0x000000a582ef9d50 mode 2
Event: 5.138 Thread 0x000002265f5dd0a0 Uncommon trap: trap_request=0xffffffde fr.pc=0x0000022671070194 relative=0x0000000000001a74
Event: 5.138 Thread 0x000002265f5dd0a0 Uncommon trap: reason=class_check action=maybe_recompile pc=0x0000022671070194 method=java.util.zip.InflaterInputStream.read([BII)I @ 78 c2
Event: 5.138 Thread 0x000002265f5dd0a0 DEOPT PACKING pc=0x0000022671070194 sp=0x000000a582ef9cf0
Event: 5.138 Thread 0x000002265f5dd0a0 DEOPT UNPACKING pc=0x00000226709d46a2 sp=0x000000a582ef9d50 mode 2

Classes loaded (20 events):
Event: 5.128 Loading class java/lang/ProcessHandle$Info
Event: 5.128 Loading class java/lang/ProcessHandle$Info done
Event: 5.137 Loading class java/util/jar/JarInputStream
Event: 5.137 Loading class java/util/zip/ZipInputStream
Event: 5.137 Loading class java/util/zip/ZipInputStream done
Event: 5.137 Loading class java/util/jar/JarInputStream done
Event: 5.138 Loading class java/io/PushbackInputStream
Event: 5.138 Loading class java/io/PushbackInputStream done
Event: 5.138 Loading class sun/security/util/ManifestEntryVerifier
Event: 5.138 Loading class sun/security/util/ManifestEntryVerifier done
Event: 5.140 Loading class java/lang/ProcessBuilder
Event: 5.140 Loading class java/lang/ProcessBuilder done
Event: 5.141 Loading class java/lang/ProcessImpl
Event: 5.141 Loading class java/lang/ProcessImpl done
Event: 5.147 Loading class java/lang/ProcessImpl$2
Event: 5.148 Loading class java/lang/ProcessImpl$2 done
Event: 5.148 Loading class java/lang/Process$PipeInputStream
Event: 5.148 Loading class java/lang/Process$PipeInputStream done
Event: 5.148 Loading class jdk/internal/event/ProcessStartEvent
Event: 5.148 Loading class jdk/internal/event/ProcessStartEvent done

Classes unloaded (0 events):
No events

Classes redefined (0 events):
No events

Internal exceptions (20 events):
Event: 4.534 Thread 0x000002265f5dd0a0 Exception <a 'java/lang/NoSuchMethodError'{0x00000000cca4ddf8}: 'java.lang.Object java.lang.invoke.DirectMethodHandle$Holder.newInvokeSpecial(java.lang.Object, java.lang.Object, java.lang.Object, java.lang.Object, java.lang.Object, java.lang.Object, java.lang.Object, java.lang.Object, java.lang.Object)'> (0x00000000cca4ddf8) 
thrown [s\open\src\hotspot\share\interpreter\linkResolver.cpp, line 773]
Event: 4.584 Thread 0x000002265f5dd0a0 Exception <a 'java/lang/NoSuchMethodError'{0x00000000cc9e99c8}: 'java.lang.Object java.lang.invoke.DirectMethodHandle$Holder.invokeVirtual(java.lang.Object, java.lang.Object, java.lang.Object, java.lang.Object, java.lang.Object, java.lang.Object, java.lang.Object, java.lang.Object, java.lang.Object)'> (0x00000000cc9e99c8) 
thrown [s\open\src\hotspot\share\interpreter\linkResolver.cpp, line 773]
Event: 4.718 Thread 0x000002265f5dd0a0 Exception <a 'java/lang/NoSuchMethodError'{0x00000000ce1b9228}: 'java.lang.Object java.lang.invoke.DirectMethodHandle$Holder.invokeStaticInit(java.lang.Object, java.lang.Object, java.lang.Object, java.lang.Object)'> (0x00000000ce1b9228) 
thrown [s\open\src\hotspot\share\interpreter\linkResolver.cpp, line 773]
Event: 4.720 Thread 0x000002265f5dd0a0 Exception <a 'java/lang/IncompatibleClassChangeError'{0x00000000ce1c9828}: Found class java.lang.Object, but interface was expected> (0x00000000ce1c9828) 
thrown [s\open\src\hotspot\share\interpreter\linkResolver.cpp, line 840]
Event: 4.721 Thread 0x000002265f5dd0a0 Exception <a 'java/lang/IncompatibleClassChangeError'{0x00000000ce1d5a68}: Found class java.lang.Object, but interface was expected> (0x00000000ce1d5a68) 
thrown [s\open\src\hotspot\share\interpreter\linkResolver.cpp, line 840]
Event: 4.724 Thread 0x000002265f5dd0a0 Exception <a 'java/lang/IncompatibleClassChangeError'{0x00000000ce1fe6a8}: Found class java.lang.Object, but interface was expected> (0x00000000ce1fe6a8) 
thrown [s\open\src\hotspot\share\interpreter\linkResolver.cpp, line 840]
Event: 4.785 Thread 0x000002265f5dd0a0 Exception <a 'java/lang/NoSuchMethodError'{0x00000000cdfc5948}: 'long java.lang.invoke.DirectMethodHandle$Holder.invokeVirtual(java.lang.Object, java.lang.Object)'> (0x00000000cdfc5948) 
thrown [s\open\src\hotspot\share\interpreter\linkResolver.cpp, line 773]
Event: 4.791 Thread 0x000002265f5dd0a0 Exception <a 'java/lang/NoSuchMethodError'{0x00000000cdff9df8}: 'double java.lang.invoke.DirectMethodHandle$Holder.invokeStatic(java.lang.Object, java.lang.Object)'> (0x00000000cdff9df8) 
thrown [s\open\src\hotspot\share\interpreter\linkResolver.cpp, line 773]
Event: 4.872 Thread 0x000002265f5dd0a0 Exception <a 'java/lang/NoSuchMethodError'{0x00000000cdbb38f8}: 'java.lang.Object java.lang.invoke.DirectMethodHandle$Holder.invokeSpecial(java.lang.Object, java.lang.Object, int, java.lang.Object, java.lang.Object)'> (0x00000000cdbb38f8) 
thrown [s\open\src\hotspot\share\interpreter\linkResolver.cpp, line 773]
Event: 4.898 Thread 0x000002265f5dd0a0 Exception <a 'java/lang/NoSuchMethodError'{0x00000000cdaccea0}: 'void java.lang.invoke.DirectMethodHandle$Holder.invokeStatic(java.lang.Object, java.lang.Object, double)'> (0x00000000cdaccea0) 
thrown [s\open\src\hotspot\share\interpreter\linkResolver.cpp, line 773]
Event: 4.918 Thread 0x000002265f5dd0a0 Exception <a 'java/lang/NoSuchMethodError'{0x00000000cd924aa0}: 'double java.lang.invoke.DirectMethodHandle$Holder.invokeStatic(java.lang.Object, java.lang.Object, java.lang.Object)'> (0x00000000cd924aa0) 
thrown [s\open\src\hotspot\share\interpreter\linkResolver.cpp, line 773]
Event: 4.933 Thread 0x000002265f5dd0a0 Exception <a 'java/lang/NoSuchMethodError'{0x00000000cd989ae8}: 'java.lang.Object java.lang.invoke.DirectMethodHandle$Holder.newInvokeSpecial(java.lang.Object, java.lang.Object, int, java.lang.Object, java.lang.Object)'> (0x00000000cd989ae8) 
thrown [s\open\src\hotspot\share\interpreter\linkResolver.cpp, line 773]
Event: 4.936 Thread 0x000002265f5dd0a0 Exception <a 'java/lang/NoSuchMethodError'{0x00000000cd997fb0}: 'java.lang.Object java.lang.invoke.DirectMethodHandle$Holder.newInvokeSpecial(java.lang.Object, java.lang.Object, java.lang.Object, int)'> (0x00000000cd997fb0) 
thrown [s\open\src\hotspot\share\interpreter\linkResolver.cpp, line 773]
Event: 4.936 Thread 0x000002265f5dd0a0 Exception <a 'java/lang/NoSuchMethodError'{0x00000000cd99c3a0}: 'java.lang.Object java.lang.invoke.DirectMethodHandle$Holder.invokeSpecial(java.lang.Object, java.lang.Object, java.lang.Object, java.lang.Object, int)'> (0x00000000cd99c3a0) 
thrown [s\open\src\hotspot\share\interpreter\linkResolver.cpp, line 773]
Event: 4.936 Thread 0x000002265f5dd0a0 Exception <a 'java/lang/NoSuchMethodError'{0x00000000cd99fd98}: 'java.lang.Object java.lang.invoke.Invokers$Holder.linkToTargetMethod(java.lang.Object, java.lang.Object, int, java.lang.Object)'> (0x00000000cd99fd98) 
thrown [s\open\src\hotspot\share\interpreter\linkResolver.cpp, line 773]
Event: 4.968 Thread 0x000002265f5dd0a0 Exception <a 'java/lang/IncompatibleClassChangeError'{0x00000000cd80f4d8}: Found class java.lang.Object, but interface was expected> (0x00000000cd80f4d8) 
thrown [s\open\src\hotspot\share\interpreter\linkResolver.cpp, line 840]
Event: 5.008 Thread 0x000002265f5dd0a0 Implicit null exception at 0x00000226710e10ec to 0x00000226710e18e4
Event: 5.127 Thread 0x000002265f5dd0a0 Exception <a 'java/lang/NoSuchMethodError'{0x00000000cd222fa8}: method resolution failed> (0x00000000cd222fa8) 
thrown [s\open\src\hotspot\share\prims\methodHandles.cpp, line 1144]
Event: 5.133 Thread 0x000002265f5dd0a0 Exception <a 'java/lang/NoSuchMethodError'{0x00000000cd261928}: 'long java.lang.invoke.DelegatingMethodHandle$Holder.reinvoke_L(java.lang.Object, java.lang.Object)'> (0x00000000cd261928) 
thrown [s\open\src\hotspot\share\interpreter\linkResolver.cpp, line 773]
Event: 5.147 Thread 0x000002265f5dd0a0 Exception <a 'java/lang/NoSuchMethodError'{0x00000000cd290870}: 'void java.lang.invoke.DirectMethodHandle$Holder.invokeStatic(java.lang.Object, long)'> (0x00000000cd290870) 
thrown [s\open\src\hotspot\share\interpreter\linkResolver.cpp, line 773]

ZGC Phase Switch (0 events):
No events

VM Operations (20 events):
Event: 3.897 Executing VM operation: G1CollectForAllocation (G1 Evacuation Pause)
Event: 3.905 Executing VM operation: G1CollectForAllocation (G1 Evacuation Pause) done
Event: 3.912 Executing VM operation: HandshakeAllThreads (Deoptimize)
Event: 3.912 Executing VM operation: HandshakeAllThreads (Deoptimize) done
Event: 3.925 Executing VM operation: HandshakeAllThreads (Deoptimize)
Event: 3.925 Executing VM operation: HandshakeAllThreads (Deoptimize) done
Event: 4.076 Executing VM operation: HandshakeAllThreads (Deoptimize)
Event: 4.076 Executing VM operation: HandshakeAllThreads (Deoptimize) done
Event: 4.196 Executing VM operation: HandshakeAllThreads (Deoptimize)
Event: 4.196 Executing VM operation: HandshakeAllThreads (Deoptimize) done
Event: 4.246 Executing VM operation: HandshakeAllThreads (Deoptimize)
Event: 4.246 Executing VM operation: HandshakeAllThreads (Deoptimize) done
Event: 4.435 Executing VM operation: HandshakeAllThreads (Deoptimize)
Event: 4.435 Executing VM operation: HandshakeAllThreads (Deoptimize) done
Event: 4.551 Executing VM operation: ICBufferFull
Event: 4.552 Executing VM operation: ICBufferFull done
Event: 4.697 Executing VM operation: G1CollectForAllocation (G1 Evacuation Pause)
Event: 4.707 Executing VM operation: G1CollectForAllocation (G1 Evacuation Pause) done
Event: 4.921 Executing VM operation: HandshakeAllThreads (Deoptimize)
Event: 4.921 Executing VM operation: HandshakeAllThreads (Deoptimize) done

Events (17 events):
Event: 0.029 Thread 0x000002265f5dd0a0 Thread added: 0x000002265f5dd0a0
Event: 0.042 Thread 0x000002267c996be0 Thread added: 0x000002267c996be0
Event: 0.042 Thread 0x000002267c997af0 Thread added: 0x000002267c997af0
Event: 0.042 Thread 0x000002267c999d70 Thread added: 0x000002267c999d70
Event: 0.042 Thread 0x000002267c99af80 Thread added: 0x000002267c99af80
Event: 0.042 Thread 0x000002267c99dae0 Thread added: 0x000002267c99dae0
Event: 0.043 Thread 0x000002267c9a0670 Thread added: 0x000002267c9a0670
Event: 0.043 Thread 0x000002267c9a13f0 Thread added: 0x000002267c9a13f0
Event: 0.043 Thread 0x000002267c9b6250 Thread added: 0x000002267c9b6250
Event: 0.058 Thread 0x000002267cc6c570 Thread added: 0x000002267cc6c570
Event: 0.060 Thread 0x000002267cc6f9c0 Thread added: 0x000002267cc6f9c0
Event: 0.324 Thread 0x000002267cf9c3f0 Thread added: 0x000002267cf9c3f0
Event: 0.338 Thread 0x000002267d219de0 Thread added: 0x000002267d219de0
Event: 2.084 Thread 0x000002267e6f2420 Thread added: 0x000002267e6f2420
Event: 2.399 Thread 0x000002267efe1ea0 Thread added: 0x000002267efe1ea0
Event: 2.450 Thread 0x000002267efe1ea0 Thread exited: 0x000002267efe1ea0
Event: 2.537 Thread 0x000002267e6f2420 Thread exited: 0x000002267e6f2420


Dynamic libraries:
0x00007ff774ad0000 - 0x00007ff774ae0000 	C:\Program Files\Java\jdk-21\bin\java.exe
0x00007ffd3c7f0000 - 0x00007ffd3ca07000 	C:\Windows\SYSTEM32\ntdll.dll
0x00007ffd3b540000 - 0x00007ffd3b604000 	C:\Windows\System32\KERNEL32.DLL
0x00007ffd39ab0000 - 0x00007ffd39e6a000 	C:\Windows\System32\KERNELBASE.dll
0x00007ffd3a250000 - 0x00007ffd3a361000 	C:\Windows\System32\ucrtbase.dll
0x00007ffd2de30000 - 0x00007ffd2de4b000 	C:\Program Files\Java\jdk-21\bin\VCRUNTIME140.dll
0x00007ffd22250000 - 0x00007ffd22269000 	C:\Program Files\Java\jdk-21\bin\jli.dll
0x00007ffd3a880000 - 0x00007ffd3a932000 	C:\Windows\System32\ADVAPI32.dll
0x00007ffd3c6b0000 - 0x00007ffd3c757000 	C:\Windows\System32\msvcrt.dll
0x00007ffd3a6f0000 - 0x00007ffd3a797000 	C:\Windows\System32\sechost.dll
0x00007ffd3a0b0000 - 0x00007ffd3a0d8000 	C:\Windows\System32\bcrypt.dll
0x00007ffd3a940000 - 0x00007ffd3aa54000 	C:\Windows\System32\RPCRT4.dll
0x00007ffd3b370000 - 0x00007ffd3b51e000 	C:\Windows\System32\USER32.dll
0x00007ffd3a220000 - 0x00007ffd3a246000 	C:\Windows\System32\win32u.dll
0x00007ffd3af90000 - 0x00007ffd3afb9000 	C:\Windows\System32\GDI32.dll
0x00007ffd26510000 - 0x00007ffd267a2000 	C:\Windows\WinSxS\amd64_microsoft.windows.common-controls_6595b64144ccf1df_6.0.22621.4541_none_2710d1c57384c085\COMCTL32.dll
0x00007ffd39ef0000 - 0x00007ffd3a00b000 	C:\Windows\System32\gdi32full.dll
0x00007ffd3a010000 - 0x00007ffd3a0aa000 	C:\Windows\System32\msvcp_win.dll
0x00007ffd30650000 - 0x00007ffd3065a000 	C:\Windows\SYSTEM32\VERSION.dll
0x00007ffd3b780000 - 0x00007ffd3b7b1000 	C:\Windows\System32\IMM32.DLL
0x00007ffd2e550000 - 0x00007ffd2e55c000 	C:\Program Files\Java\jdk-21\bin\vcruntime140_1.dll
0x00007ffce5ac0000 - 0x00007ffce5b4e000 	C:\Program Files\Java\jdk-21\bin\msvcp140.dll
0x00007ffceabc0000 - 0x00007ffceb8d8000 	C:\Program Files\Java\jdk-21\bin\server\jvm.dll
0x00007ffd3b680000 - 0x00007ffd3b6f1000 	C:\Windows\System32\WS2_32.dll
0x00007ffd39980000 - 0x00007ffd399cd000 	C:\Windows\SYSTEM32\POWRPROF.dll
0x00007ffd35cd0000 - 0x00007ffd35d04000 	C:\Windows\SYSTEM32\WINMM.dll
0x00007ffd39960000 - 0x00007ffd39973000 	C:\Windows\SYSTEM32\UMPDC.dll
0x00007ffd38ab0000 - 0x00007ffd38ac8000 	C:\Windows\SYSTEM32\kernel.appcore.dll
0x00007ffd18af0000 - 0x00007ffd18afa000 	C:\Program Files\Java\jdk-21\bin\jimage.dll
0x00007ffd2bde0000 - 0x00007ffd2c012000 	C:\Windows\SYSTEM32\DBGHELP.DLL
0x00007ffd3afd0000 - 0x00007ffd3b361000 	C:\Windows\System32\combase.dll
0x00007ffd3a7a0000 - 0x00007ffd3a877000 	C:\Windows\System32\OLEAUT32.dll
0x00007ffd2c190000 - 0x00007ffd2c1c2000 	C:\Windows\SYSTEM32\dbgcore.DLL
0x00007ffd39e70000 - 0x00007ffd39eeb000 	C:\Windows\System32\bcryptPrimitives.dll
0x00007ffd170b0000 - 0x00007ffd170cf000 	C:\Program Files\Java\jdk-21\bin\java.dll
0x00007ffd3baa0000 - 0x00007ffd3c319000 	C:\Windows\System32\SHELL32.dll
0x00007ffd379a0000 - 0x00007ffd382a9000 	C:\Windows\SYSTEM32\windows.storage.dll
0x00007ffd37860000 - 0x00007ffd3799f000 	C:\Windows\SYSTEM32\wintypes.dll
0x00007ffd3a5e0000 - 0x00007ffd3a6da000 	C:\Windows\System32\SHCORE.dll
0x00007ffd3ba40000 - 0x00007ffd3ba9e000 	C:\Windows\System32\shlwapi.dll
0x00007ffd399e0000 - 0x00007ffd39a0b000 	C:\Windows\SYSTEM32\profapi.dll
0x00007ffcf19b0000 - 0x00007ffcf1a87000 	C:\Program Files\Java\jdk-21\bin\jsvml.dll
0x00007ffd18a60000 - 0x00007ffd18a70000 	C:\Program Files\Java\jdk-21\bin\net.dll
0x00007ffd35730000 - 0x00007ffd35866000 	C:\Windows\SYSTEM32\WINHTTP.dll
0x00007ffd38f20000 - 0x00007ffd38f89000 	C:\Windows\system32\mswsock.dll
0x00007ffd14040000 - 0x00007ffd14056000 	C:\Program Files\Java\jdk-21\bin\nio.dll
0x00007ffd10ea0000 - 0x00007ffd10eb8000 	C:\Program Files\Java\jdk-21\bin\zip.dll
0x00007ffd2e3f0000 - 0x00007ffd2e3fa000 	C:\Program Files\Java\jdk-21\bin\management.dll
0x00007ffd2d640000 - 0x00007ffd2d64b000 	C:\Program Files\Java\jdk-21\bin\management_ext.dll
0x00007ffd3c4e0000 - 0x00007ffd3c4e8000 	C:\Windows\System32\PSAPI.DLL
0x00007ffd29810000 - 0x00007ffd2981e000 	C:\Program Files\Java\jdk-21\bin\sunmscapi.dll
0x00007ffd3a370000 - 0x00007ffd3a4d6000 	C:\Windows\System32\CRYPT32.dll
0x00007ffd39380000 - 0x00007ffd393ad000 	C:\Windows\SYSTEM32\ncrypt.dll
0x00007ffd39340000 - 0x00007ffd39377000 	C:\Windows\SYSTEM32\NTASN1.dll

dbghelp: loaded successfully - version: 4.0.5 - missing functions: none
symbol engine: initialized successfully - sym options: 0x614 - pdb path: .;C:\Program Files\Java\jdk-21\bin;C:\Windows\SYSTEM32;C:\Windows\WinSxS\amd64_microsoft.windows.common-controls_6595b64144ccf1df_6.0.22621.4541_none_2710d1c57384c085;C:\Program Files\Java\jdk-21\bin\server

VM Arguments:
java_command: C:\Users\kuber\AppData\Local\Temp\surefire3314121691370138813\surefirebooter-20250426010913876_3.jar C:\Users\kuber\AppData\Local\Temp\surefire3314121691370138813 2025-04-26T01-09-13_626-jvmRun1 surefire-20250426010913876_1tmp surefire_0-20250426010913876_2tmp
java_class_path (initial): C:\Users\kuber\AppData\Local\Temp\surefire3314121691370138813\surefirebooter-20250426010913876_3.jar
Launcher Type: SUN_STANDARD

[Global flags]
     intx CICompilerCount                          = 4                                         {product} {ergonomic}
     uint ConcGCThreads                            = 2                                         {product} {ergonomic}
     uint G1ConcRefinementThreads                  = 8                                         {product} {ergonomic}
   size_t G1HeapRegionSize                         = 1048576                                   {product} {ergonomic}
    uintx GCDrainStackTargetSize                   = 64                                        {product} {ergonomic}
   size_t InitialHeapSize                          = 56623104                                  {product} {ergonomic}
   size_t MarkStackSize                            = 4194304                                   {product} {ergonomic}
   size_t MaxHeapSize                              = 899678208                                 {product} {ergonomic}
   size_t MaxNewSize                               = 538968064                                 {product} {ergonomic}
   size_t MinHeapDeltaBytes                        = 1048576                                   {product} {ergonomic}
   size_t MinHeapSize                              = 8388608                                   {product} {ergonomic}
    uintx NonNMethodCodeHeapSize                   = 5839372                                {pd product} {ergonomic}
    uintx NonProfiledCodeHeapSize                  = 122909434                              {pd product} {ergonomic}
    uintx ProfiledCodeHeapSize                     = 122909434                              {pd product} {ergonomic}
    uintx ReservedCodeCacheSize                    = 251658240                              {pd product} {ergonomic}
     bool SegmentedCodeCache                       = true                                      {product} {ergonomic}
   size_t SoftMaxHeapSize                          = 899678208                              {manageable} {ergonomic}
     bool UseCompressedOops                        = true                           {product lp64_product} {ergonomic}
     bool UseG1GC                                  = true                                      {product} {ergonomic}
     bool UseLargePagesIndividualAllocation        = false                                  {pd product} {ergonomic}

Logging:
Log output configuration:
 #0: stdout all=warning uptime,level,tags foldmultilines=false
 #1: stderr all=off uptime,level,tags foldmultilines=false

Environment Variables:
PATH=C:\Program Files\Common Files\Oracle\Java\javapath;C:\Windows\system32;C:\Windows;C:\Windows\System32\Wbem;C:\Windows\System32\WindowsPowerShell\v1.0\;C:\Windows\System32\OpenSSH\;C:\Program Files\dotnet\;C:\Program Files\Git\cmd;C:\Program Files\nodejs\;C:\ProgramData\chocolatey\bin;C:\Program Files\MySQL\MySQL Shell 8.0\bin\;C:\Users\kuber\AppData\Local\Microsoft\WindowsApps;C:\Users\kuber\.dotnet\tools;C:\Users\kuber\AppData\Local\Programs\Microsoft VS Code\bin;C:\Users\kuber\AppData\Roaming\npm
USERNAME=kuber
LANG=en_US.UTF-8
OS=Windows_NT
PROCESSOR_IDENTIFIER=AMD64 Family 23 Model 104 Stepping 1, AuthenticAMD
TMP=C:\Users\kuber\AppData\Local\Temp
TEMP=C:\Users\kuber\AppData\Local\Temp




Periodic native trim disabled

---------------  S Y S T E M  ---------------

OS:
 Windows 11 , 64 bit Build 22621 (10.0.22621.4391)
OS uptime: 5 days 9:46 hours
Hyper-V role detected

CPU: total 8 (initial active 8) (8 cores per cpu, 2 threads per core) family 23 model 104 stepping 1 microcode 0x0, cx8, cmov, fxsr, ht, mmx, 3dnowpref, sse, sse2, sse3, ssse3, sse4a, sse4.1, sse4.2, popcnt, lzcnt, tsc, tscinvbit, avx, avx2, aes, clmul, bmi1, bmi2, adx, sha, fma, vzeroupper, clflush, clflushopt, hv, rdtscp, rdpid, f16c
Processor Information for processor 0
  Max Mhz: 2600, Current Mhz: 2600, Mhz Limit: 2600
Processor Information for processor 1
  Max Mhz: 2600, Current Mhz: 2600, Mhz Limit: 2600
Processor Information for processor 2
  Max Mhz: 2600, Current Mhz: 2600, Mhz Limit: 2600
Processor Information for processor 3
  Max Mhz: 2600, Current Mhz: 2600, Mhz Limit: 2600
Processor Information for processor 4
  Max Mhz: 2600, Current Mhz: 2600, Mhz Limit: 2600
Processor Information for processor 5
  Max Mhz: 2600, Current Mhz: 2600, Mhz Limit: 2600
Processor Information for processor 6
  Max Mhz: 2600, Current Mhz: 2080, Mhz Limit: 2600
Processor Information for processor 7
  Max Mhz: 2600, Current Mhz: 2600, Mhz Limit: 2600

Memory: 4k page, system-wide physical 3429M (265M free)
TotalPageFile size 14181M (AvailPageFile size 2M)
current process WorkingSet (physical memory assigned to process): 179M, peak: 179M
current process commit charge ("private bytes"): 219M, peak: 220M

vm_info: Java HotSpot(TM) 64-Bit Server VM (21.0.5+9-LTS-239) for windows-amd64 JRE (21.0.5+9-LTS-239), built on 2024-09-30T05:17:38Z by "mach5one" with MS VC++ 17.6 (VS2022)

END.
